<?xml version="1.0" encoding="UTF-8"?>
<testng-results skipped="0" failed="0" ignored="0" total="1" passed="1">
  <reporter-output>
  </reporter-output>
  <suite name="Default suite" duration-ms="37125" started-at="2017-07-02T17:12:44Z" finished-at="2017-07-02T17:13:21Z">
    <groups>
    </groups>
    <test name="Default test" duration-ms="37125" started-at="2017-07-02T17:12:44Z" finished-at="2017-07-02T17:13:21Z">
      <class name="com.test.NewInsuranceAutomobile">
        <test-method status="PASS" signature="setUp()[pri:0, instance:com.test.NewInsuranceAutomobile@1794d431]" name="setUp" is-config="true" duration-ms="13445" started-at="2017-07-02T22:42:44Z" finished-at="2017-07-02T22:42:57Z">
          <reporter-output>
          </reporter-output>
        </test-method> <!-- setUp -->
        <test-method status="PASS" signature="newAutomobileInsuranceSilver()[pri:0, instance:com.test.NewInsuranceAutomobile@1794d431]" name="newAutomobileInsuranceSilver" duration-ms="23351" started-at="2017-07-02T22:42:57Z" finished-at="2017-07-02T22:43:21Z">
          <reporter-output>
          </reporter-output>
        </test-method> <!-- newAutomobileInsuranceSilver -->
        <test-method status="PASS" signature="tearDown()[pri:0, instance:com.test.NewInsuranceAutomobile@1794d431]" name="tearDown" is-config="true" duration-ms="310" started-at="2017-07-02T22:43:21Z" finished-at="2017-07-02T22:43:21Z">
          <reporter-output>
          </reporter-output>
        </test-method> <!-- tearDown -->
      </class> <!-- com.test.NewInsuranceAutomobile -->
    </test> <!-- Default test -->
  </suite> <!-- Default suite -->
</testng-results>
